<?xml version="1.0" encoding="UTF-8"?>
<testng-results ignored="0" total="1" passed="1" failed="0" skipped="0">
  <reporter-output>
  </reporter-output>
  <suite started-at="2024-11-19T09:20:07 IST" name="Default suite" finished-at="2024-11-19T09:20:45 IST" duration-ms="38245">
    <groups>
    </groups>
    <test started-at="2024-11-19T09:20:07 IST" name="Default test" finished-at="2024-11-19T09:20:45 IST" duration-ms="38245">
      <class name="com.ShoppersStack_Test_Scripts.TC_003_Verify_user_is_able_to_order_product_or_not_Test">
        <test-method is-config="true" signature="beforeSuit()[pri:0, instance:com.ShoppersStack_Test_Scripts.TC_003_Verify_user_is_able_to_order_product_or_not_Test@3c41ed1d]" started-at="2024-11-19T09:20:07 IST" name="beforeSuit" finished-at="2024-11-19T09:20:07 IST" duration-ms="14" status="PASS">
          <reporter-output>
          </reporter-output>
        </test-method> <!-- beforeSuit -->
        <test-method is-config="true" signature="beforeTest()[pri:0, instance:com.ShoppersStack_Test_Scripts.TC_003_Verify_user_is_able_to_order_product_or_not_Test@3c41ed1d]" started-at="2024-11-19T09:20:07 IST" name="beforeTest" finished-at="2024-11-19T09:20:07 IST" duration-ms="296" status="PASS">
          <reporter-output>
          </reporter-output>
        </test-method> <!-- beforeTest -->
        <test-method is-config="true" signature="beforeClass()[pri:0, instance:com.ShoppersStack_Test_Scripts.TC_003_Verify_user_is_able_to_order_product_or_not_Test@3c41ed1d]" started-at="2024-11-19T09:20:07 IST" name="beforeClass" finished-at="2024-11-19T09:20:11 IST" duration-ms="3730" status="PASS">
          <reporter-output>
          </reporter-output>
        </test-method> <!-- beforeClass -->
        <test-method is-config="true" signature="beforeMethod()[pri:0, instance:com.ShoppersStack_Test_Scripts.TC_003_Verify_user_is_able_to_order_product_or_not_Test@3c41ed1d]" started-at="2024-11-19T09:20:11 IST" name="beforeMethod" finished-at="2024-11-19T09:20:23 IST" duration-ms="11715" status="PASS">
          <reporter-output>
          </reporter-output>
        </test-method> <!-- beforeMethod -->
        <test-method signature="orderproduct()[pri:0, instance:com.ShoppersStack_Test_Scripts.TC_003_Verify_user_is_able_to_order_product_or_not_Test@3c41ed1d]" started-at="2024-11-19T09:20:23 IST" name="orderproduct" finished-at="2024-11-19T09:20:41 IST" duration-ms="18139" status="PASS">
          <reporter-output>
          </reporter-output>
        </test-method> <!-- orderproduct -->
        <test-method is-config="true" signature="afterMethod()[pri:0, instance:com.ShoppersStack_Test_Scripts.TC_003_Verify_user_is_able_to_order_product_or_not_Test@3c41ed1d]" started-at="2024-11-19T09:20:41 IST" name="afterMethod" finished-at="2024-11-19T09:20:41 IST" duration-ms="531" status="PASS">
          <reporter-output>
          </reporter-output>
        </test-method> <!-- afterMethod -->
        <test-method is-config="true" signature="afterClass()[pri:0, instance:com.ShoppersStack_Test_Scripts.TC_003_Verify_user_is_able_to_order_product_or_not_Test@3c41ed1d]" started-at="2024-11-19T09:20:41 IST" name="afterClass" finished-at="2024-11-19T09:20:45 IST" duration-ms="3273" status="PASS">
          <reporter-output>
          </reporter-output>
        </test-method> <!-- afterClass -->
        <test-method is-config="true" signature="afterTest()[pri:0, instance:com.ShoppersStack_Test_Scripts.TC_003_Verify_user_is_able_to_order_product_or_not_Test@3c41ed1d]" started-at="2024-11-19T09:20:45 IST" name="afterTest" finished-at="2024-11-19T09:20:45 IST" duration-ms="504" status="PASS">
          <reporter-output>
          </reporter-output>
        </test-method> <!-- afterTest -->
        <test-method is-config="true" signature="afterSuit()[pri:0, instance:com.ShoppersStack_Test_Scripts.TC_003_Verify_user_is_able_to_order_product_or_not_Test@3c41ed1d]" started-at="2024-11-19T09:20:45 IST" name="afterSuit" finished-at="2024-11-19T09:20:45 IST" duration-ms="0" status="PASS">
          <reporter-output>
          </reporter-output>
        </test-method> <!-- afterSuit -->
      </class> <!-- com.ShoppersStack_Test_Scripts.TC_003_Verify_user_is_able_to_order_product_or_not_Test -->
    </test> <!-- Default test -->
  </suite> <!-- Default suite -->
</testng-results>
